C:\dtstsourcecode\dtst1\list4\Debug\cl.command.1.tlog
C:\dtstsourcecode\dtst1\list4\Debug\CL.read.1.tlog
C:\dtstsourcecode\dtst1\list4\Debug\CL.write.1.tlog
C:\dtstsourcecode\dtst1\list4\Debug\link.command.1.tlog
C:\dtstsourcecode\dtst1\list4\Debug\link.read.1.tlog
C:\dtstsourcecode\dtst1\list4\Debug\link.write.1.tlog
C:\dtstsourcecode\dtst1\list4\Debug\link-cvtres.read.1.tlog
C:\dtstsourcecode\dtst1\list4\Debug\link-cvtres.write.1.tlog
C:\DTSTSOURCECODE\DTST1\LIST4\DEBUG\LINKEDLIST.OBJ
C:\DTSTSOURCECODE\DTST1\LIST4\DEBUG\LIST4.EXE
C:\dtstsourcecode\dtst1\list4\Debug\list4.exe.embed.manifest
C:\DTSTSOURCECODE\DTST1\LIST4\DEBUG\LIST4.EXE.EMBED.MANIFEST.RES
C:\DTSTSOURCECODE\DTST1\LIST4\DEBUG\LIST4.EXE.INTERMEDIATE.MANIFEST
C:\DTSTSOURCECODE\DTST1\LIST4\DEBUG\LIST4.ILK
C:\DTSTSOURCECODE\DTST1\LIST4\DEBUG\LIST4.PDB
C:\dtstsourcecode\dtst1\list4\Debug\list4.write.1.tlog
C:\dtstsourcecode\dtst1\list4\Debug\list4_manifest.rc
C:\dtstsourcecode\dtst1\list4\Debug\mt.command.1.tlog
C:\dtstsourcecode\dtst1\list4\Debug\mt.read.1.tlog
C:\dtstsourcecode\dtst1\list4\Debug\mt.write.1.tlog
C:\dtstsourcecode\dtst1\list4\Debug\rc.command.1.tlog
C:\dtstsourcecode\dtst1\list4\Debug\rc.read.1.tlog
C:\dtstsourcecode\dtst1\list4\Debug\rc.write.1.tlog
C:\DTSTSOURCECODE\DTST1\LIST4\DEBUG\TESTLINKEDLIST.OBJ
C:\dtstsourcecode\dtst1\list4\Debug\vc100.idb
C:\DTSTSOURCECODE\DTST1\LIST4\DEBUG\VC100.PDB
C:\dtstsourcecode\dtst1\list4\Debug\vc70.idb
C:\dtstsourcecode\dtst1\list4\Debug\vc70.pdb
Debug\list4.ilk
Debug\list4.pdb
H:\PRADITDOCUMENT\DTSTSOURCECODE\DTST1\LIST4\DEBUG\LINKEDLIST.OBJ
H:\PRADITDOCUMENT\DTSTSOURCECODE\DTST1\LIST4\DEBUG\LIST4.EXE
H:\PRADITDOCUMENT\DTSTSOURCECODE\DTST1\LIST4\DEBUG\LIST4.EXE.EMBED.MANIFEST
H:\PRADITDOCUMENT\DTSTSOURCECODE\DTST1\LIST4\DEBUG\LIST4.EXE.EMBED.MANIFEST.RES
H:\PRADITDOCUMENT\DTSTSOURCECODE\DTST1\LIST4\DEBUG\LIST4.EXE.INTERMEDIATE.MANIFEST
H:\PRADITDOCUMENT\DTSTSOURCECODE\DTST1\LIST4\DEBUG\LIST4.ILK
H:\PRADITDOCUMENT\DTSTSOURCECODE\DTST1\LIST4\DEBUG\LIST4.PDB
H:\PRADITDOCUMENT\DTSTSOURCECODE\DTST1\LIST4\DEBUG\TESTLINKEDLIST.OBJ
H:\PRADITDOCUMENT\DTSTSOURCECODE\DTST1\LIST4\DEBUG\VC100.PDB
